0 info it worked if it ends with ok
1 verbose cli [ '/usr/local/Cellar/node4-lts/4.3.1/bin/node',
1 verbose cli   '/Users/joebruno/.npm-packages/bin/npm',
1 verbose cli   'run',
1 verbose cli   'webpack' ]
2 info using npm@3.7.2
3 info using node@v4.3.1
4 verbose stack Error: missing script: webpack
4 verbose stack     at run (/Users/joebruno/.npm-packages/lib/node_modules/npm/lib/run-script.js:147:19)
4 verbose stack     at /Users/joebruno/.npm-packages/lib/node_modules/npm/lib/run-script.js:57:5
4 verbose stack     at /Users/joebruno/.npm-packages/lib/node_modules/npm/node_modules/read-package-json/read-json.js:345:5
4 verbose stack     at checkBinReferences_ (/Users/joebruno/.npm-packages/lib/node_modules/npm/node_modules/read-package-json/read-json.js:309:45)
4 verbose stack     at final (/Users/joebruno/.npm-packages/lib/node_modules/npm/node_modules/read-package-json/read-json.js:343:3)
4 verbose stack     at then (/Users/joebruno/.npm-packages/lib/node_modules/npm/node_modules/read-package-json/read-json.js:113:5)
4 verbose stack     at /Users/joebruno/.npm-packages/lib/node_modules/npm/node_modules/read-package-json/read-json.js:300:12
4 verbose stack     at /Users/joebruno/.npm-packages/lib/node_modules/npm/node_modules/graceful-fs/graceful-fs.js:78:16
4 verbose stack     at FSReqWrap.readFileAfterClose [as oncomplete] (fs.js:380:3)
5 verbose cwd /Users/joebruno/Desktop/XamarinTest
6 error Darwin 15.0.0
7 error argv "/usr/local/Cellar/node4-lts/4.3.1/bin/node" "/Users/joebruno/.npm-packages/bin/npm" "run" "webpack"
8 error node v4.3.1
9 error npm  v3.7.2
10 error missing script: webpack
11 error If you need help, you may report this error at:
11 error     <https://github.com/npm/npm/issues>
12 verbose exit [ 1, true ]
